Arguments: 
  /usr/local/bin/node /opt/yarn-v1.9.2/bin/yarn.js install

PATH: 
  /usr/local/sbin:/usr/local/bin:/usr/sbin:/usr/bin:/sbin:/bin

Yarn version: 
  1.9.2

Node version: 
  10.8.0

Platform: 
  linux x64

Trace: 
  Error: EINVAL: invalid argument, symlink '../../setup/script/hostMachineStartupScript/cliSwitcher' -> '/project/application/node_modules/@script/localHostMachineScript'

npm manifest: 
  {
      "main": "./source/entrypoint.js",
      "name": "app",
      "workspaces": [
          "source",
          "./setup/script/hostMachineStartupScript/*",
          "./setup/script/containerScript/*"
      ],
      "private": true
    }

yarn manifest: 
  No manifest

Lockfile: 
  No lockfile
