Arguments: 
  /usr/bin/node /c/Users/Entrepreneur/AppData/Roaming/npm/node_modules/yarn/bin/yarn.js install

PATH: 
  /usr/local/sbin:/usr/local/bin:/usr/sbin:/usr/bin:/sbin:/bin:/usr/games:/usr/local/games:/c/Program Files/Docker/Docker/resources/bin:/c/Program Files (x86)/Common Files/Oracle/Java/javapath_target_436843640:/c/ProgramData/Oracle/Java/javapath_target_94933000:/c/Program Files (x86)/Intel/iCLS Client:/c/Program Files/Intel/iCLS Client:/c/Windows/System32:/c/Windows:/c/Windows/System32/wbem:/c/Windows/System32/WindowsPowerShell/v1.0:/c/Program Files (x86)/Intel/Intel(R) Management Engine Components/DAL:/c/Program Files/Intel/Intel(R) Management Engine Components/DAL:/c/Program Files (x86)/Intel/Intel(R) Management Engine Components/IPT:/c/Program Files/Intel/Intel(R) Management Engine Components/IPT:/c/Program Files (x86)/NVIDIA Corporation/PhysX/Common:/c/Program Files/Intel/WiFi/bin:/c/Program Files/Common Files/Intel/WirelessCommon:/c/Program Files (x86)/Skype/Phone:/c/Windows/System32:/c/Windows:/c/Windows/System32/wbem:/c/Windows/System32/WindowsPowerShell/v1.0:/c/Windows/System32/OpenSSH:/c/Program Files/Microsoft VS Code Insiders/bin:/c/Program Files (x86)/GitExtensions:/c/Program Files/nodejs:/c/Program Files/Git/cmd:/c/ProgramData/chocolatey/bin:/c/Users/Entrepreneur/AppData/Local/Programs/Python/Python36-32/Scripts:/c/Users/Entrepreneur/AppData/Local/Programs/Python/Python36-32:/c/Users/Entrepreneur/AppData/Local/Microsoft/WindowsApps:/c/Program Files (x86)/Microsoft VS Code/bin:/c/Users/Entrepreneur/AppData/Local/atom/bin:/c/Program Files/Oracle/VirtualBox:/c/Program Files/Git/usr/bin:/c/Users/Entrepreneur/AppData/Local/Programs/Fiddler:/c/Program Files/Microsoft VS Code Insiders/bin:/c/Users/Entrepreneur/AppData/Local/Google/Cloud SDK/google-cloud-sdk/bin:/c/Users/Entrepreneur/AppData/Local/Programs/Microsoft VS Code Insiders/bin:/c/Users/Entrepreneur/AppData/Roaming/npm:/c/Users/Entrepreneur/.babun:/c/Users/Entrepreneur/AppData/Local/hyper/app-2.1.0-canary2/resources/bin

Yarn version: 
  1.10.1

Node version: 
  10.12.0

Platform: 
  linux x64

Trace: 
  Error: ENOENT: no such file or directory, copyfile '/usr/local/share/.cache/yarn/v2/npm-js-beautify-1.8.7-d87100f714aeb3c388bce9ef011442fc07bda93a/js/lib/beautifier.js' -> '/c/Users/Entrepreneur/Projects/Dependency/appDeploymentEnvironment/node_modules/js-beautify/js/lib/beautifier.js'

npm manifest: 
  {
      "main": "Irrelevant",
      "name": "@root/setup",
      "version": "1.0.0",
      "dependencies": {
          "@dependency/appDeploymentLifecycle": "https://github.com/AppScriptIO/appDeploymentLifecycle",
          "@dependency/appDeploymentManager": "https://github.com/AppScriptIO/appDeploymentManager"
      }
  }

yarn manifest: 
  No manifest

Lockfile: 
  No lockfile
